2025-03-28 15:10:04.904260 - Received CBT.V508.FILE077.PDS from FILE077.XMI 
2025-03-28 15:10:04.907151 - Found $.txt (text/plain) in CBT.V508.FILE077.PDS, moved to PDS/$
2025-03-28 15:10:04.908961 - Found $$.jcl (text/plain) in CBT.V508.FILE077.PDS, moved to PDS/$$
2025-03-28 15:10:04.910582 - Found $$$#DATE.txt (text/plain) in CBT.V508.FILE077.PDS, moved to PDS/$$$#DATE
2025-03-28 15:10:04.912173 - Found $$$DOC.txt (text/plain) in CBT.V508.FILE077.PDS, moved to PDS/$$$DOC
2025-03-28 15:10:04.913306 - Found @FILE077.txt (text/plain) in CBT.V508.FILE077.PDS, moved to PDS/@FILE077
2025-03-28 15:10:04.915487 - Found APFLIST.jcl (text/plain) in CBT.V508.FILE077.PDS, moved to PDS/APFLIST
2025-03-28 15:10:04.916556 - Found AUTO.jcl (text/plain) in CBT.V508.FILE077.PDS, moved to PDS/AUTO
2025-03-28 15:10:04.917385 - Found AUTOJCL.txt (text/plain) in CBT.V508.FILE077.PDS, moved to PDS/AUTOJCL
2025-03-28 15:10:04.918761 - Found BACKEND.txt (text/plain) in CBT.V508.FILE077.PDS, moved to PDS/BACKEND
2025-03-28 15:10:04.920147 - Found BRODSCAN.txt (text/plain) in CBT.V508.FILE077.PDS, moved to PDS/BRODSCAN
2025-03-28 15:10:04.921754 - Found BRODSCN@.jcl (text/plain) in CBT.V508.FILE077.PDS, moved to PDS/BRODSCN@
2025-03-28 15:10:04.923423 - Found CANCELO$.jcl (text/plain) in CBT.V508.FILE077.PDS, moved to PDS/CANCELO$
2025-03-28 15:10:04.925648 - Found CANCELOK.txt (text/plain) in CBT.V508.FILE077.PDS, moved to PDS/CANCELOK
2025-03-28 15:10:04.927228 - Found CANCELPR.txt (text/plain) in CBT.V508.FILE077.PDS, moved to PDS/CANCELPR
2025-03-28 15:10:04.928755 - Found CATALOG.txt (text/plain) in CBT.V508.FILE077.PDS, moved to PDS/CATALOG
2025-03-28 15:10:04.929590 - Found CATALOG$.jcl (text/plain) in CBT.V508.FILE077.PDS, moved to PDS/CATALOG$
2025-03-28 15:10:04.930693 - Found CATALOGH.txt (text/plain) in CBT.V508.FILE077.PDS, moved to PDS/CATALOGH
2025-03-28 15:10:04.932281 - Found COMMAND.jcl (text/plain) in CBT.V508.FILE077.PDS, moved to PDS/COMMAND
2025-03-28 15:10:04.933268 - Found DATE.txt (text/plain) in CBT.V508.FILE077.PDS, moved to PDS/DATE
2025-03-28 15:10:04.935337 - Found DATE$.jcl (text/plain) in CBT.V508.FILE077.PDS, moved to PDS/DATE$
2025-03-28 15:10:04.936556 - Found DCPU$.jcl (text/plain) in CBT.V508.FILE077.PDS, moved to PDS/DCPU$
2025-03-28 15:10:04.937918 - Found DEBE.txt (text/plain) in CBT.V508.FILE077.PDS, moved to PDS/DEBE
2025-03-28 15:10:04.938914 - Found DEBE$.jcl (text/plain) in CBT.V508.FILE077.PDS, moved to PDS/DEBE$
2025-03-28 15:10:04.939752 - Found DEBEPROC.txt (text/plain) in CBT.V508.FILE077.PDS, moved to PDS/DEBEPROC
2025-03-28 15:10:04.940765 - Found DISKSEE$.jcl (text/plain) in CBT.V508.FILE077.PDS, moved to PDS/DISKSEE$
2025-03-28 15:10:04.941820 - Found DISKSEEK.txt (text/plain) in CBT.V508.FILE077.PDS, moved to PDS/DISKSEEK
2025-03-28 15:10:04.942924 - Found DISKTEST.txt (text/plain) in CBT.V508.FILE077.PDS, moved to PDS/DISKTEST
2025-03-28 15:10:04.944373 - Found DISKTST$.jcl (text/plain) in CBT.V508.FILE077.PDS, moved to PDS/DISKTST$
2025-03-28 15:10:04.945889 - Found DISKTST#.jcl (text/plain) in CBT.V508.FILE077.PDS, moved to PDS/DISKTST#
2025-03-28 15:10:04.947051 - Found DISPLA$.jcl (text/plain) in CBT.V508.FILE077.PDS, moved to PDS/DISPLA$
2025-03-28 15:10:04.948176 - Found DISPLAY.txt (text/plain) in CBT.V508.FILE077.PDS, moved to PDS/DISPLAY
2025-03-28 15:10:04.949434 - Found DISPLAYH.txt (text/plain) in CBT.V508.FILE077.PDS, moved to PDS/DISPLAYH
2025-03-28 15:10:04.951335 - Found DYNABLD$.jcl (text/plain) in CBT.V508.FILE077.PDS, moved to PDS/DYNABLD$
2025-03-28 15:10:04.953790 - Found DYNABLDL.bin (application/octet-stream) in CBT.V508.FILE077.PDS, moved to PDS/DYNABLDL
2025-03-28 15:10:04.957352 - Found DYNAMAS$.txt (text/plain) in CBT.V508.FILE077.PDS, moved to PDS/DYNAMAS$
2025-03-28 15:10:04.959770 - Found DYNAMASK.txt (text/plain) in CBT.V508.FILE077.PDS, moved to PDS/DYNAMASK
2025-03-28 15:10:04.961182 - Found ILRBIRD.txt (text/plain) in CBT.V508.FILE077.PDS, moved to PDS/ILRBIRD
2025-03-28 15:10:04.962853 - Found ILRBIRD$.jcl (text/plain) in CBT.V508.FILE077.PDS, moved to PDS/ILRBIRD$
2025-03-28 15:10:04.963676 - Found INSTREA$.jcl (text/plain) in CBT.V508.FILE077.PDS, moved to PDS/INSTREA$
2025-03-28 15:10:04.964830 - Found INSTREAM.txt (text/plain) in CBT.V508.FILE077.PDS, moved to PDS/INSTREAM
2025-03-28 15:10:04.965962 - Found KERMITT.txt (text/plain) in CBT.V508.FILE077.PDS, moved to PDS/KERMITT
2025-03-28 15:10:04.967154 - Found KERMITT$.jcl (text/plain) in CBT.V508.FILE077.PDS, moved to PDS/KERMITT$
2025-03-28 15:10:04.971419 - Found KILL.txt (text/plain) in CBT.V508.FILE077.PDS, moved to PDS/KILL
2025-03-28 15:10:04.973189 - Found KILL$.jcl (text/plain) in CBT.V508.FILE077.PDS, moved to PDS/KILL$
2025-03-28 15:10:04.974832 - Found LOCATE.txt (text/plain) in CBT.V508.FILE077.PDS, moved to PDS/LOCATE
2025-03-28 15:10:04.977011 - Found LOCATE$.jcl (text/plain) in CBT.V508.FILE077.PDS, moved to PDS/LOCATE$
2025-03-28 15:10:04.978516 - Found MEMBER.txt (text/plain) in CBT.V508.FILE077.PDS, moved to PDS/MEMBER
2025-03-28 15:10:04.979682 - Found MINIGEN.jcl (text/plain) in CBT.V508.FILE077.PDS, moved to PDS/MINIGEN
2025-03-28 15:10:04.980829 - Found OSDEBE2.txt (text/plain) in CBT.V508.FILE077.PDS, moved to PDS/OSDEBE2
2025-03-28 15:10:04.981958 - Found SHOWSS.txt (text/plain) in CBT.V508.FILE077.PDS, moved to PDS/SHOWSS
2025-03-28 15:10:04.982985 - Found SHOWSS$.jcl (text/plain) in CBT.V508.FILE077.PDS, moved to PDS/SHOWSS$
2025-03-28 15:10:04.984181 - Found SWAP.txt (text/plain) in CBT.V508.FILE077.PDS, moved to PDS/SWAP
2025-03-28 15:10:04.985568 - Found SWAP$.jcl (text/plain) in CBT.V508.FILE077.PDS, moved to PDS/SWAP$
2025-03-28 15:10:04.986764 - Found SYSTEM.txt (text/plain) in CBT.V508.FILE077.PDS, moved to PDS/SYSTEM
2025-03-28 15:10:04.987451 - Found SYSTEM$.jcl (text/plain) in CBT.V508.FILE077.PDS, moved to PDS/SYSTEM$
2025-03-28 15:10:04.988651 - Found VOLCH$.jcl (text/plain) in CBT.V508.FILE077.PDS, moved to PDS/VOLCH$
2025-03-28 15:10:04.990197 - Found VOLCHEC#.jcl (text/plain) in CBT.V508.FILE077.PDS, moved to PDS/VOLCHEC#
2025-03-28 15:10:04.992439 - Found VOLCHECK.txt (text/plain) in CBT.V508.FILE077.PDS, moved to PDS/VOLCHECK
2025-03-28 15:10:04.994050 - Found VTAMCHK.txt (text/plain) in CBT.V508.FILE077.PDS, moved to PDS/VTAMCHK
2025-03-28 15:10:04.995265 - Found VTAMCHK$.jcl (text/plain) in CBT.V508.FILE077.PDS, moved to PDS/VTAMCHK$
2025-03-28 15:10:04.996068 - Found VTAMOPE$.jcl (text/plain) in CBT.V508.FILE077.PDS, moved to PDS/VTAMOPE$
2025-03-28 15:10:04.998002 - Found VTAMOPER.txt (text/plain) in CBT.V508.FILE077.PDS, moved to PDS/VTAMOPER
2025-03-28 15:10:05.000106 - Found VTAMOPR#.txt (text/plain) in CBT.V508.FILE077.PDS, moved to PDS/VTAMOPR#
2025-03-28 15:10:05.001820 - Found WTC.txt (text/plain) in CBT.V508.FILE077.PDS, moved to PDS/WTC
2025-03-28 15:10:05.003597 - Found WTC$.jcl (text/plain) in CBT.V508.FILE077.PDS, moved to PDS/WTC$
2025-03-28 15:10:05.004547 - Found WTC#.txt (text/plain) in CBT.V508.FILE077.PDS, moved to PDS/WTC#
